The system is: Linux - 4.15.0-42-generic - x86_64
Compiling the C compiler identification source file "CMakeCCompilerId.c" succeeded.
Compiler: /usr/bin/cc 
Build flags: 
Id flags:  

The output was:
0


Compilation of the C compiler identification source "CMakeCCompilerId.c" produced "a.out"

The C compiler identification is GNU, found in "/home/anthonyd973/Git/aws-sdk-cpp/build/.deps/build/src/AwsCCommon-build/CMakeFiles/3.10.2/CompilerIdC/a.out"

Determining if the C compiler works passed with the following output:
Change Dir: /home/anthonyd973/Git/aws-sdk-cpp/build/.deps/build/src/AwsCCommon-build/CMakeFiles/CMakeTmp

Run Build Command:"/usr/bin/make" "cmTC_fb01d/fast"
make[3]: Entering directory '/home/anthonyd973/Git/aws-sdk-cpp/build/.deps/build/src/AwsCCommon-build/CMakeFiles/CMakeTmp'
/usr/bin/make -f CMakeFiles/cmTC_fb01d.dir/build.make CMakeFiles/cmTC_fb01d.dir/build
make[4]: Entering directory '/home/anthonyd973/Git/aws-sdk-cpp/build/.deps/build/src/AwsCCommon-build/CMakeFiles/CMakeTmp'
Building C object CMakeFiles/cmTC_fb01d.dir/testCCompiler.c.o
/usr/bin/cc    -o CMakeFiles/cmTC_fb01d.dir/testCCompiler.c.o   -c /home/anthonyd973/Git/aws-sdk-cpp/build/.deps/build/src/AwsCCommon-build/CMakeFiles/CMakeTmp/testCCompiler.c
Linking C executable cmTC_fb01d
/usr/bin/cmake -E cmake_link_script CMakeFiles/cmTC_fb01d.dir/link.txt --verbose=1
/usr/bin/cc      -rdynamic CMakeFiles/cmTC_fb01d.dir/testCCompiler.c.o  -o cmTC_fb01d 
make[4]: Leaving directory '/home/anthonyd973/Git/aws-sdk-cpp/build/.deps/build/src/AwsCCommon-build/CMakeFiles/CMakeTmp'
make[3]: Leaving directory '/home/anthonyd973/Git/aws-sdk-cpp/build/.deps/build/src/AwsCCommon-build/CMakeFiles/CMakeTmp'


Detecting C compiler ABI info compiled with the following output:
Change Dir: /home/anthonyd973/Git/aws-sdk-cpp/build/.deps/build/src/AwsCCommon-build/CMakeFiles/CMakeTmp

Run Build Command:"/usr/bin/make" "cmTC_729fa/fast"
make[3]: Entering directory '/home/anthonyd973/Git/aws-sdk-cpp/build/.deps/build/src/AwsCCommon-build/CMakeFiles/CMakeTmp'
/usr/bin/make -f CMakeFiles/cmTC_729fa.dir/build.make CMakeFiles/cmTC_729fa.dir/build
make[4]: Entering directory '/home/anthonyd973/Git/aws-sdk-cpp/build/.deps/build/src/AwsCCommon-build/CMakeFiles/CMakeTmp'
Building C object CMakeFiles/cmTC_729fa.dir/CMakeCCompilerABI.c.o
/usr/bin/cc    -o CMakeFiles/cmTC_729fa.dir/CMakeCCompilerABI.c.o   -c /usr/share/cmake-3.10/Modules/CMakeCCompilerABI.c
Linking C executable cmTC_729fa
/usr/bin/cmake -E cmake_link_script CMakeFiles/cmTC_729fa.dir/link.txt --verbose=1
/usr/bin/cc     -v -rdynamic CMakeFiles/cmTC_729fa.dir/CMakeCCompilerABI.c.o  -o cmTC_729fa 
Using built-in specs.
COLLECT_GCC=/usr/bin/cc
COLLECT_LTO_WRAPPER=/usr/lib/gcc/x86_64-linux-gnu/7/lto-wrapper
OFFLOAD_TARGET_NAMES=nvptx-none
OFFLOAD_TARGET_DEFAULT=1
Target: x86_64-linux-gnu
Configured with: ../src/configure -v --with-pkgversion='Ubuntu 7.3.0-27ubuntu1~18.04' --with-bugurl=file:///usr/share/doc/gcc-7/README.Bugs --enable-languages=c,ada,c++,go,brig,d,fortran,objc,obj-c++ --prefix=/usr --with-gcc-major-version-only --program-suffix=-7 --program-prefix=x86_64-linux-gnu- --enable-shared --enable-linker-build-id --libexecdir=/usr/lib --without-included-gettext --enable-threads=posix --libdir=/usr/lib --enable-nls --with-sysroot=/ --enable-clocale=gnu --enable-libstdcxx-debug --enable-libstdcxx-time=yes --with-default-libstdcxx-abi=new --enable-gnu-unique-object --disable-vtable-verify --enable-libmpx --enable-plugin --enable-default-pie --with-system-zlib --with-target-system-zlib --enable-objc-gc=auto --enable-multiarch --disable-werror --with-arch-32=i686 --with-abi=m64 --with-multilib-list=m32,m64,mx32 --enable-multilib --with-tune=generic --enable-offload-targets=nvptx-none --without-cuda-driver --enable-checking=release --build=x86_64-linux-gnu --host=x86_64-linux-gnu --target=x86_64-linux-gnu
Thread model: posix
gcc version 7.3.0 (Ubuntu 7.3.0-27ubuntu1~18.04) 
COMPILER_PATH=/usr/lib/gcc/x86_64-linux-gnu/7/:/usr/lib/gcc/x86_64-linux-gnu/7/:/usr/lib/gcc/x86_64-linux-gnu/:/usr/lib/gcc/x86_64-linux-gnu/7/:/usr/lib/gcc/x86_64-linux-gnu/
LIBRARY_PATH=/usr/lib/gcc/x86_64-linux-gnu/7/:/usr/lib/gcc/x86_64-linux-gnu/7/../../../x86_64-linux-gnu/:/usr/lib/gcc/x86_64-linux-gnu/7/../../../../lib/:/lib/x86_64-linux-gnu/:/lib/../lib/:/usr/lib/x86_64-linux-gnu/:/usr/lib/../lib/:/usr/lib/gcc/x86_64-linux-gnu/7/../../../:/lib/:/usr/lib/
COLLECT_GCC_OPTIONS='-v' '-rdynamic' '-o' 'cmTC_729fa' '-mtune=generic' '-march=x86-64'
 /usr/lib/gcc/x86_64-linux-gnu/7/collect2 -plugin /usr/lib/gcc/x86_64-linux-gnu/7/liblto_plugin.so -plugin-opt=/usr/lib/gcc/x86_64-linux-gnu/7/lto-wrapper -plugin-opt=-fresolution=/tmp/ccYnxVjo.res -plugin-opt=-pass-through=-lgcc -plugin-opt=-pass-through=-lgcc_s -plugin-opt=-pass-through=-lc -plugin-opt=-pass-through=-lgcc -plugin-opt=-pass-through=-lgcc_s --sysroot=/ --build-id --eh-frame-hdr -m elf_x86_64 --hash-style=gnu --as-needed -export-dynamic -dynamic-linker /lib64/ld-linux-x86-64.so.2 -pie -z now -z relro -o cmTC_729fa /usr/lib/gcc/x86_64-linux-gnu/7/../../../x86_64-linux-gnu/Scrt1.o /usr/lib/gcc/x86_64-linux-gnu/7/../../../x86_64-linux-gnu/crti.o /usr/lib/gcc/x86_64-linux-gnu/7/crtbeginS.o -L/usr/lib/gcc/x86_64-linux-gnu/7 -L/usr/lib/gcc/x86_64-linux-gnu/7/../../../x86_64-linux-gnu -L/usr/lib/gcc/x86_64-linux-gnu/7/../../../../lib -L/lib/x86_64-linux-gnu -L/lib/../lib -L/usr/lib/x86_64-linux-gnu -L/usr/lib/../lib -L/usr/lib/gcc/x86_64-linux-gnu/7/../../.. CMakeFiles/cmTC_729fa.dir/CMakeCCompilerABI.c.o -lgcc --push-state --as-needed -lgcc_s --pop-state -lc -lgcc --push-state --as-needed -lgcc_s --pop-state /usr/lib/gcc/x86_64-linux-gnu/7/crtendS.o /usr/lib/gcc/x86_64-linux-gnu/7/../../../x86_64-linux-gnu/crtn.o
COLLECT_GCC_OPTIONS='-v' '-rdynamic' '-o' 'cmTC_729fa' '-mtune=generic' '-march=x86-64'
make[4]: Leaving directory '/home/anthonyd973/Git/aws-sdk-cpp/build/.deps/build/src/AwsCCommon-build/CMakeFiles/CMakeTmp'
make[3]: Leaving directory '/home/anthonyd973/Git/aws-sdk-cpp/build/.deps/build/src/AwsCCommon-build/CMakeFiles/CMakeTmp'


Parsed C implicit link information from above output:
  link line regex: [^( *|.*[/\])(ld|CMAKE_LINK_STARTFILE-NOTFOUND|([^/\]+-)?ld|collect2)[^/\]*( |$)]
  ignore line: [Change Dir: /home/anthonyd973/Git/aws-sdk-cpp/build/.deps/build/src/AwsCCommon-build/CMakeFiles/CMakeTmp]
  ignore line: []
  ignore line: [Run Build Command:"/usr/bin/make" "cmTC_729fa/fast"]
  ignore line: [make[3]: Entering directory '/home/anthonyd973/Git/aws-sdk-cpp/build/.deps/build/src/AwsCCommon-build/CMakeFiles/CMakeTmp']
  ignore line: [/usr/bin/make -f CMakeFiles/cmTC_729fa.dir/build.make CMakeFiles/cmTC_729fa.dir/build]
  ignore line: [make[4]: Entering directory '/home/anthonyd973/Git/aws-sdk-cpp/build/.deps/build/src/AwsCCommon-build/CMakeFiles/CMakeTmp']
  ignore line: [Building C object CMakeFiles/cmTC_729fa.dir/CMakeCCompilerABI.c.o]
  ignore line: [/usr/bin/cc    -o CMakeFiles/cmTC_729fa.dir/CMakeCCompilerABI.c.o   -c /usr/share/cmake-3.10/Modules/CMakeCCompilerABI.c]
  ignore line: [Linking C executable cmTC_729fa]
  ignore line: [/usr/bin/cmake -E cmake_link_script CMakeFiles/cmTC_729fa.dir/link.txt --verbose=1]
  ignore line: [/usr/bin/cc     -v -rdynamic CMakeFiles/cmTC_729fa.dir/CMakeCCompilerABI.c.o  -o cmTC_729fa ]
  ignore line: [Using built-in specs.]
  ignore line: [COLLECT_GCC=/usr/bin/cc]
  ignore line: [COLLECT_LTO_WRAPPER=/usr/lib/gcc/x86_64-linux-gnu/7/lto-wrapper]
  ignore line: [OFFLOAD_TARGET_NAMES=nvptx-none]
  ignore line: [OFFLOAD_TARGET_DEFAULT=1]
  ignore line: [Target: x86_64-linux-gnu]
  ignore line: [Configured with: ../src/configure -v --with-pkgversion='Ubuntu 7.3.0-27ubuntu1~18.04' --with-bugurl=file:///usr/share/doc/gcc-7/README.Bugs --enable-languages=c,ada,c++,go,brig,d,fortran,objc,obj-c++ --prefix=/usr --with-gcc-major-version-only --program-suffix=-7 --program-prefix=x86_64-linux-gnu- --enable-shared --enable-linker-build-id --libexecdir=/usr/lib --without-included-gettext --enable-threads=posix --libdir=/usr/lib --enable-nls --with-sysroot=/ --enable-clocale=gnu --enable-libstdcxx-debug --enable-libstdcxx-time=yes --with-default-libstdcxx-abi=new --enable-gnu-unique-object --disable-vtable-verify --enable-libmpx --enable-plugin --enable-default-pie --with-system-zlib --with-target-system-zlib --enable-objc-gc=auto --enable-multiarch --disable-werror --with-arch-32=i686 --with-abi=m64 --with-multilib-list=m32,m64,mx32 --enable-multilib --with-tune=generic --enable-offload-targets=nvptx-none --without-cuda-driver --enable-checking=release --build=x86_64-linux-gnu --host=x86_64-linux-gnu --target=x86_64-linux-gnu]
  ignore line: [Thread model: posix]
  ignore line: [gcc version 7.3.0 (Ubuntu 7.3.0-27ubuntu1~18.04) ]
  ignore line: [COMPILER_PATH=/usr/lib/gcc/x86_64-linux-gnu/7/:/usr/lib/gcc/x86_64-linux-gnu/7/:/usr/lib/gcc/x86_64-linux-gnu/:/usr/lib/gcc/x86_64-linux-gnu/7/:/usr/lib/gcc/x86_64-linux-gnu/]
  ignore line: [LIBRARY_PATH=/usr/lib/gcc/x86_64-linux-gnu/7/:/usr/lib/gcc/x86_64-linux-gnu/7/../../../x86_64-linux-gnu/:/usr/lib/gcc/x86_64-linux-gnu/7/../../../../lib/:/lib/x86_64-linux-gnu/:/lib/../lib/:/usr/lib/x86_64-linux-gnu/:/usr/lib/../lib/:/usr/lib/gcc/x86_64-linux-gnu/7/../../../:/lib/:/usr/lib/]
  ignore line: [COLLECT_GCC_OPTIONS='-v' '-rdynamic' '-o' 'cmTC_729fa' '-mtune=generic' '-march=x86-64']
  link line: [ /usr/lib/gcc/x86_64-linux-gnu/7/collect2 -plugin /usr/lib/gcc/x86_64-linux-gnu/7/liblto_plugin.so -plugin-opt=/usr/lib/gcc/x86_64-linux-gnu/7/lto-wrapper -plugin-opt=-fresolution=/tmp/ccYnxVjo.res -plugin-opt=-pass-through=-lgcc -plugin-opt=-pass-through=-lgcc_s -plugin-opt=-pass-through=-lc -plugin-opt=-pass-through=-lgcc -plugin-opt=-pass-through=-lgcc_s --sysroot=/ --build-id --eh-frame-hdr -m elf_x86_64 --hash-style=gnu --as-needed -export-dynamic -dynamic-linker /lib64/ld-linux-x86-64.so.2 -pie -z now -z relro -o cmTC_729fa /usr/lib/gcc/x86_64-linux-gnu/7/../../../x86_64-linux-gnu/Scrt1.o /usr/lib/gcc/x86_64-linux-gnu/7/../../../x86_64-linux-gnu/crti.o /usr/lib/gcc/x86_64-linux-gnu/7/crtbeginS.o -L/usr/lib/gcc/x86_64-linux-gnu/7 -L/usr/lib/gcc/x86_64-linux-gnu/7/../../../x86_64-linux-gnu -L/usr/lib/gcc/x86_64-linux-gnu/7/../../../../lib -L/lib/x86_64-linux-gnu -L/lib/../lib -L/usr/lib/x86_64-linux-gnu -L/usr/lib/../lib -L/usr/lib/gcc/x86_64-linux-gnu/7/../../.. CMakeFiles/cmTC_729fa.dir/CMakeCCompilerABI.c.o -lgcc --push-state --as-needed -lgcc_s --pop-state -lc -lgcc --push-state --as-needed -lgcc_s --pop-state /usr/lib/gcc/x86_64-linux-gnu/7/crtendS.o /usr/lib/gcc/x86_64-linux-gnu/7/../../../x86_64-linux-gnu/crtn.o]
    arg [/usr/lib/gcc/x86_64-linux-gnu/7/collect2] ==> ignore
    arg [-plugin] ==> ignore
    arg [/usr/lib/gcc/x86_64-linux-gnu/7/liblto_plugin.so] ==> ignore
    arg [-plugin-opt=/usr/lib/gcc/x86_64-linux-gnu/7/lto-wrapper] ==> ignore
    arg [-plugin-opt=-fresolution=/tmp/ccYnxVjo.res] ==> ignore
    arg [-plugin-opt=-pass-through=-lgcc] ==> ignore
    arg [-plugin-opt=-pass-through=-lgcc_s] ==> ignore
    arg [-plugin-opt=-pass-through=-lc] ==> ignore
    arg [-plugin-opt=-pass-through=-lgcc] ==> ignore
    arg [-plugin-opt=-pass-through=-lgcc_s] ==> ignore
    arg [--sysroot=/] ==> ignore
    arg [--build-id] ==> ignore
    arg [--eh-frame-hdr] ==> ignore
    arg [-m] ==> ignore
    arg [elf_x86_64] ==> ignore
    arg [--hash-style=gnu] ==> ignore
    arg [--as-needed] ==> ignore
    arg [-export-dynamic] ==> ignore
    arg [-dynamic-linker] ==> ignore
    arg [/lib64/ld-linux-x86-64.so.2] ==> ignore
    arg [-pie] ==> ignore
    arg [-znow] ==> ignore
    arg [-zrelro] ==> ignore
    arg [-o] ==> ignore
    arg [cmTC_729fa] ==> ignore
    arg [/usr/lib/gcc/x86_64-linux-gnu/7/../../../x86_64-linux-gnu/Scrt1.o] ==> ignore
    arg [/usr/lib/gcc/x86_64-linux-gnu/7/../../../x86_64-linux-gnu/crti.o] ==> ignore
    arg [/usr/lib/gcc/x86_64-linux-gnu/7/crtbeginS.o] ==> ignore
    arg [-L/usr/lib/gcc/x86_64-linux-gnu/7] ==> dir [/usr/lib/gcc/x86_64-linux-gnu/7]
    arg [-L/usr/lib/gcc/x86_64-linux-gnu/7/../../../x86_64-linux-gnu] ==> dir [/usr/lib/gcc/x86_64-linux-gnu/7/../../../x86_64-linux-gnu]
    arg [-L/usr/lib/gcc/x86_64-linux-gnu/7/../../../../lib] ==> dir [/usr/lib/gcc/x86_64-linux-gnu/7/../../../../lib]
    arg [-L/lib/x86_64-linux-gnu] ==> dir [/lib/x86_64-linux-gnu]
    arg [-L/lib/../lib] ==> dir [/lib/../lib]
    arg [-L/usr/lib/x86_64-linux-gnu] ==> dir [/usr/lib/x86_64-linux-gnu]
    arg [-L/usr/lib/../lib] ==> dir [/usr/lib/../lib]
    arg [-L/usr/lib/gcc/x86_64-linux-gnu/7/../../..] ==> dir [/usr/lib/gcc/x86_64-linux-gnu/7/../../..]
    arg [CMakeFiles/cmTC_729fa.dir/CMakeCCompilerABI.c.o] ==> ignore
    arg [-lgcc] ==> lib [gcc]
    arg [--push-state] ==> ignore
    arg [--as-needed] ==> ignore
    arg [-lgcc_s] ==> lib [gcc_s]
    arg [--pop-state] ==> ignore
    arg [-lc] ==> lib [c]
    arg [-lgcc] ==> lib [gcc]
    arg [--push-state] ==> ignore
    arg [--as-needed] ==> ignore
    arg [-lgcc_s] ==> lib [gcc_s]
    arg [--pop-state] ==> ignore
    arg [/usr/lib/gcc/x86_64-linux-gnu/7/crtendS.o] ==> ignore
    arg [/usr/lib/gcc/x86_64-linux-gnu/7/../../../x86_64-linux-gnu/crtn.o] ==> ignore
  collapse library dir [/usr/lib/gcc/x86_64-linux-gnu/7] ==> [/usr/lib/gcc/x86_64-linux-gnu/7]
  collapse library dir [/usr/lib/gcc/x86_64-linux-gnu/7/../../../x86_64-linux-gnu] ==> [/usr/lib/x86_64-linux-gnu]
  collapse library dir [/usr/lib/gcc/x86_64-linux-gnu/7/../../../../lib] ==> [/usr/lib]
  collapse library dir [/lib/x86_64-linux-gnu] ==> [/lib/x86_64-linux-gnu]
  collapse library dir [/lib/../lib] ==> [/lib]
  collapse library dir [/usr/lib/x86_64-linux-gnu] ==> [/usr/lib/x86_64-linux-gnu]
  collapse library dir [/usr/lib/../lib] ==> [/usr/lib]
  collapse library dir [/usr/lib/gcc/x86_64-linux-gnu/7/../../..] ==> [/usr/lib]
  implicit libs: [gcc;gcc_s;c;gcc;gcc_s]
  implicit dirs: [/usr/lib/gcc/x86_64-linux-gnu/7;/usr/lib/x86_64-linux-gnu;/usr/lib;/lib/x86_64-linux-gnu;/lib]
  implicit fwks: []




Detecting C [-std=c11] compiler features compiled with the following output:
Change Dir: /home/anthonyd973/Git/aws-sdk-cpp/build/.deps/build/src/AwsCCommon-build/CMakeFiles/CMakeTmp

Run Build Command:"/usr/bin/make" "cmTC_673a5/fast"
make[3]: Entering directory '/home/anthonyd973/Git/aws-sdk-cpp/build/.deps/build/src/AwsCCommon-build/CMakeFiles/CMakeTmp'
/usr/bin/make -f CMakeFiles/cmTC_673a5.dir/build.make CMakeFiles/cmTC_673a5.dir/build
make[4]: Entering directory '/home/anthonyd973/Git/aws-sdk-cpp/build/.deps/build/src/AwsCCommon-build/CMakeFiles/CMakeTmp'
Building C object CMakeFiles/cmTC_673a5.dir/feature_tests.c.o
/usr/bin/cc   -std=c11 -o CMakeFiles/cmTC_673a5.dir/feature_tests.c.o   -c /home/anthonyd973/Git/aws-sdk-cpp/build/.deps/build/src/AwsCCommon-build/CMakeFiles/feature_tests.c
Linking C executable cmTC_673a5
/usr/bin/cmake -E cmake_link_script CMakeFiles/cmTC_673a5.dir/link.txt --verbose=1
/usr/bin/cc      -rdynamic CMakeFiles/cmTC_673a5.dir/feature_tests.c.o  -o cmTC_673a5 
make[4]: Leaving directory '/home/anthonyd973/Git/aws-sdk-cpp/build/.deps/build/src/AwsCCommon-build/CMakeFiles/CMakeTmp'
make[3]: Leaving directory '/home/anthonyd973/Git/aws-sdk-cpp/build/.deps/build/src/AwsCCommon-build/CMakeFiles/CMakeTmp'


    Feature record: C_FEATURE:1c_function_prototypes
    Feature record: C_FEATURE:1c_restrict
    Feature record: C_FEATURE:1c_static_assert
    Feature record: C_FEATURE:1c_variadic_macros


Detecting C [-std=c99] compiler features compiled with the following output:
Change Dir: /home/anthonyd973/Git/aws-sdk-cpp/build/.deps/build/src/AwsCCommon-build/CMakeFiles/CMakeTmp

Run Build Command:"/usr/bin/make" "cmTC_bcd60/fast"
make[3]: Entering directory '/home/anthonyd973/Git/aws-sdk-cpp/build/.deps/build/src/AwsCCommon-build/CMakeFiles/CMakeTmp'
/usr/bin/make -f CMakeFiles/cmTC_bcd60.dir/build.make CMakeFiles/cmTC_bcd60.dir/build
make[4]: Entering directory '/home/anthonyd973/Git/aws-sdk-cpp/build/.deps/build/src/AwsCCommon-build/CMakeFiles/CMakeTmp'
Building C object CMakeFiles/cmTC_bcd60.dir/feature_tests.c.o
/usr/bin/cc   -std=c99 -o CMakeFiles/cmTC_bcd60.dir/feature_tests.c.o   -c /home/anthonyd973/Git/aws-sdk-cpp/build/.deps/build/src/AwsCCommon-build/CMakeFiles/feature_tests.c
Linking C executable cmTC_bcd60
/usr/bin/cmake -E cmake_link_script CMakeFiles/cmTC_bcd60.dir/link.txt --verbose=1
/usr/bin/cc      -rdynamic CMakeFiles/cmTC_bcd60.dir/feature_tests.c.o  -o cmTC_bcd60 
make[4]: Leaving directory '/home/anthonyd973/Git/aws-sdk-cpp/build/.deps/build/src/AwsCCommon-build/CMakeFiles/CMakeTmp'
make[3]: Leaving directory '/home/anthonyd973/Git/aws-sdk-cpp/build/.deps/build/src/AwsCCommon-build/CMakeFiles/CMakeTmp'


    Feature record: C_FEATURE:1c_function_prototypes
    Feature record: C_FEATURE:1c_restrict
    Feature record: C_FEATURE:0c_static_assert
    Feature record: C_FEATURE:1c_variadic_macros


Detecting C [-std=c90] compiler features compiled with the following output:
Change Dir: /home/anthonyd973/Git/aws-sdk-cpp/build/.deps/build/src/AwsCCommon-build/CMakeFiles/CMakeTmp

Run Build Command:"/usr/bin/make" "cmTC_334d8/fast"
make[3]: Entering directory '/home/anthonyd973/Git/aws-sdk-cpp/build/.deps/build/src/AwsCCommon-build/CMakeFiles/CMakeTmp'
/usr/bin/make -f CMakeFiles/cmTC_334d8.dir/build.make CMakeFiles/cmTC_334d8.dir/build
make[4]: Entering directory '/home/anthonyd973/Git/aws-sdk-cpp/build/.deps/build/src/AwsCCommon-build/CMakeFiles/CMakeTmp'
Building C object CMakeFiles/cmTC_334d8.dir/feature_tests.c.o
/usr/bin/cc   -std=c90 -o CMakeFiles/cmTC_334d8.dir/feature_tests.c.o   -c /home/anthonyd973/Git/aws-sdk-cpp/build/.deps/build/src/AwsCCommon-build/CMakeFiles/feature_tests.c
Linking C executable cmTC_334d8
/usr/bin/cmake -E cmake_link_script CMakeFiles/cmTC_334d8.dir/link.txt --verbose=1
/usr/bin/cc      -rdynamic CMakeFiles/cmTC_334d8.dir/feature_tests.c.o  -o cmTC_334d8 
make[4]: Leaving directory '/home/anthonyd973/Git/aws-sdk-cpp/build/.deps/build/src/AwsCCommon-build/CMakeFiles/CMakeTmp'
make[3]: Leaving directory '/home/anthonyd973/Git/aws-sdk-cpp/build/.deps/build/src/AwsCCommon-build/CMakeFiles/CMakeTmp'


    Feature record: C_FEATURE:1c_function_prototypes
    Feature record: C_FEATURE:0c_restrict
    Feature record: C_FEATURE:0c_static_assert
    Feature record: C_FEATURE:0c_variadic_macros
Performing C SOURCE FILE Test HAVE_M_AVX2_FLAG succeeded with the following output:
Change Dir: /home/anthonyd973/Git/aws-sdk-cpp/build/.deps/build/src/AwsCCommon-build/CMakeFiles/CMakeTmp

Run Build Command:"/usr/bin/make" "cmTC_654c2/fast"
make[3]: Entering directory '/home/anthonyd973/Git/aws-sdk-cpp/build/.deps/build/src/AwsCCommon-build/CMakeFiles/CMakeTmp'
/usr/bin/make -f CMakeFiles/cmTC_654c2.dir/build.make CMakeFiles/cmTC_654c2.dir/build
make[4]: Entering directory '/home/anthonyd973/Git/aws-sdk-cpp/build/.deps/build/src/AwsCCommon-build/CMakeFiles/CMakeTmp'
Building C object CMakeFiles/cmTC_654c2.dir/src.c.o
/usr/bin/cc   -DHAVE_M_AVX2_FLAG   -mavx2 -o CMakeFiles/cmTC_654c2.dir/src.c.o   -c /home/anthonyd973/Git/aws-sdk-cpp/build/.deps/build/src/AwsCCommon-build/CMakeFiles/CMakeTmp/src.c
Linking C executable cmTC_654c2
/usr/bin/cmake -E cmake_link_script CMakeFiles/cmTC_654c2.dir/link.txt --verbose=1
/usr/bin/cc  -DHAVE_M_AVX2_FLAG    -rdynamic CMakeFiles/cmTC_654c2.dir/src.c.o  -o cmTC_654c2 
make[4]: Leaving directory '/home/anthonyd973/Git/aws-sdk-cpp/build/.deps/build/src/AwsCCommon-build/CMakeFiles/CMakeTmp'
make[3]: Leaving directory '/home/anthonyd973/Git/aws-sdk-cpp/build/.deps/build/src/AwsCCommon-build/CMakeFiles/CMakeTmp'

Source file was:
int main(void) { return 0; }
Performing C SOURCE FILE Test HAVE_AVX2_INTRINSICS succeeded with the following output:
Change Dir: /home/anthonyd973/Git/aws-sdk-cpp/build/.deps/build/src/AwsCCommon-build/CMakeFiles/CMakeTmp

Run Build Command:"/usr/bin/make" "cmTC_3a2ec/fast"
make[3]: Entering directory '/home/anthonyd973/Git/aws-sdk-cpp/build/.deps/build/src/AwsCCommon-build/CMakeFiles/CMakeTmp'
/usr/bin/make -f CMakeFiles/cmTC_3a2ec.dir/build.make CMakeFiles/cmTC_3a2ec.dir/build
make[4]: Entering directory '/home/anthonyd973/Git/aws-sdk-cpp/build/.deps/build/src/AwsCCommon-build/CMakeFiles/CMakeTmp'
Building C object CMakeFiles/cmTC_3a2ec.dir/src.c.o
/usr/bin/cc   -DHAVE_AVX2_INTRINSICS  -mavx -mavx2   -o CMakeFiles/cmTC_3a2ec.dir/src.c.o   -c /home/anthonyd973/Git/aws-sdk-cpp/build/.deps/build/src/AwsCCommon-build/CMakeFiles/CMakeTmp/src.c
Linking C executable cmTC_3a2ec
/usr/bin/cmake -E cmake_link_script CMakeFiles/cmTC_3a2ec.dir/link.txt --verbose=1
/usr/bin/cc  -DHAVE_AVX2_INTRINSICS  -mavx -mavx2    -rdynamic CMakeFiles/cmTC_3a2ec.dir/src.c.o  -o cmTC_3a2ec 
make[4]: Leaving directory '/home/anthonyd973/Git/aws-sdk-cpp/build/.deps/build/src/AwsCCommon-build/CMakeFiles/CMakeTmp'
make[3]: Leaving directory '/home/anthonyd973/Git/aws-sdk-cpp/build/.deps/build/src/AwsCCommon-build/CMakeFiles/CMakeTmp'

Source file was:

#include <immintrin.h>
#include <emmintrin.h>
#include <string.h>

int main() {
    __m256i vec;
    memset(&vec, 0, sizeof(vec));

    _mm256_shuffle_epi8(vec, vec);
    _mm256_set_epi32(1,2,3,4,5,6,7,8);
    _mm256_permutevar8x32_epi32(vec, vec);

    return 0;
}
Performing C SOURCE FILE Test HAVE_MM256_EXTRACT_EPI64 succeeded with the following output:
Change Dir: /home/anthonyd973/Git/aws-sdk-cpp/build/.deps/build/src/AwsCCommon-build/CMakeFiles/CMakeTmp

Run Build Command:"/usr/bin/make" "cmTC_ac382/fast"
make[3]: Entering directory '/home/anthonyd973/Git/aws-sdk-cpp/build/.deps/build/src/AwsCCommon-build/CMakeFiles/CMakeTmp'
/usr/bin/make -f CMakeFiles/cmTC_ac382.dir/build.make CMakeFiles/cmTC_ac382.dir/build
make[4]: Entering directory '/home/anthonyd973/Git/aws-sdk-cpp/build/.deps/build/src/AwsCCommon-build/CMakeFiles/CMakeTmp'
Building C object CMakeFiles/cmTC_ac382.dir/src.c.o
/usr/bin/cc   -DHAVE_MM256_EXTRACT_EPI64  -mavx -mavx2   -o CMakeFiles/cmTC_ac382.dir/src.c.o   -c /home/anthonyd973/Git/aws-sdk-cpp/build/.deps/build/src/AwsCCommon-build/CMakeFiles/CMakeTmp/src.c
Linking C executable cmTC_ac382
/usr/bin/cmake -E cmake_link_script CMakeFiles/cmTC_ac382.dir/link.txt --verbose=1
/usr/bin/cc  -DHAVE_MM256_EXTRACT_EPI64  -mavx -mavx2    -rdynamic CMakeFiles/cmTC_ac382.dir/src.c.o  -o cmTC_ac382 
make[4]: Leaving directory '/home/anthonyd973/Git/aws-sdk-cpp/build/.deps/build/src/AwsCCommon-build/CMakeFiles/CMakeTmp'
make[3]: Leaving directory '/home/anthonyd973/Git/aws-sdk-cpp/build/.deps/build/src/AwsCCommon-build/CMakeFiles/CMakeTmp'

Source file was:

#include <immintrin.h>
#include <string.h>

int main() {
    __m256i vec;
    memset(&vec, 0, sizeof(vec));
    return (int)_mm256_extract_epi64(vec, 2);
}
Performing C SOURCE FILE Test HAVE_BUILTIN_CPU_SUPPORTS succeeded with the following output:
Change Dir: /home/anthonyd973/Git/aws-sdk-cpp/build/.deps/build/src/AwsCCommon-build/CMakeFiles/CMakeTmp

Run Build Command:"/usr/bin/make" "cmTC_d78c9/fast"
make[3]: Entering directory '/home/anthonyd973/Git/aws-sdk-cpp/build/.deps/build/src/AwsCCommon-build/CMakeFiles/CMakeTmp'
/usr/bin/make -f CMakeFiles/cmTC_d78c9.dir/build.make CMakeFiles/cmTC_d78c9.dir/build
make[4]: Entering directory '/home/anthonyd973/Git/aws-sdk-cpp/build/.deps/build/src/AwsCCommon-build/CMakeFiles/CMakeTmp'
Building C object CMakeFiles/cmTC_d78c9.dir/src.c.o
/usr/bin/cc   -DHAVE_BUILTIN_CPU_SUPPORTS  -mavx -mavx2   -o CMakeFiles/cmTC_d78c9.dir/src.c.o   -c /home/anthonyd973/Git/aws-sdk-cpp/build/.deps/build/src/AwsCCommon-build/CMakeFiles/CMakeTmp/src.c
Linking C executable cmTC_d78c9
/usr/bin/cmake -E cmake_link_script CMakeFiles/cmTC_d78c9.dir/link.txt --verbose=1
/usr/bin/cc  -DHAVE_BUILTIN_CPU_SUPPORTS  -mavx -mavx2    -rdynamic CMakeFiles/cmTC_d78c9.dir/src.c.o  -o cmTC_d78c9 
make[4]: Leaving directory '/home/anthonyd973/Git/aws-sdk-cpp/build/.deps/build/src/AwsCCommon-build/CMakeFiles/CMakeTmp'
make[3]: Leaving directory '/home/anthonyd973/Git/aws-sdk-cpp/build/.deps/build/src/AwsCCommon-build/CMakeFiles/CMakeTmp'

Source file was:

#include <immintrin.h>

int main() {
    return __builtin_cpu_supports("avx2");
}

Determining if the include file stdint.h exists passed with the following output:
Change Dir: /home/anthonyd973/Git/aws-sdk-cpp/build/.deps/build/src/AwsCCommon-build/CMakeFiles/CMakeTmp

Run Build Command:"/usr/bin/make" "cmTC_86961/fast"
make[3]: Entering directory '/home/anthonyd973/Git/aws-sdk-cpp/build/.deps/build/src/AwsCCommon-build/CMakeFiles/CMakeTmp'
/usr/bin/make -f CMakeFiles/cmTC_86961.dir/build.make CMakeFiles/cmTC_86961.dir/build
make[4]: Entering directory '/home/anthonyd973/Git/aws-sdk-cpp/build/.deps/build/src/AwsCCommon-build/CMakeFiles/CMakeTmp'
Building C object CMakeFiles/cmTC_86961.dir/CheckIncludeFile.c.o
/usr/bin/cc    -o CMakeFiles/cmTC_86961.dir/CheckIncludeFile.c.o   -c /home/anthonyd973/Git/aws-sdk-cpp/build/.deps/build/src/AwsCCommon-build/CMakeFiles/CMakeTmp/CheckIncludeFile.c
Linking C executable cmTC_86961
/usr/bin/cmake -E cmake_link_script CMakeFiles/cmTC_86961.dir/link.txt --verbose=1
/usr/bin/cc      -rdynamic CMakeFiles/cmTC_86961.dir/CheckIncludeFile.c.o  -o cmTC_86961 
make[4]: Leaving directory '/home/anthonyd973/Git/aws-sdk-cpp/build/.deps/build/src/AwsCCommon-build/CMakeFiles/CMakeTmp'
make[3]: Leaving directory '/home/anthonyd973/Git/aws-sdk-cpp/build/.deps/build/src/AwsCCommon-build/CMakeFiles/CMakeTmp'


Determining if the include file stdbool.h exists passed with the following output:
Change Dir: /home/anthonyd973/Git/aws-sdk-cpp/build/.deps/build/src/AwsCCommon-build/CMakeFiles/CMakeTmp

Run Build Command:"/usr/bin/make" "cmTC_199cf/fast"
make[3]: Entering directory '/home/anthonyd973/Git/aws-sdk-cpp/build/.deps/build/src/AwsCCommon-build/CMakeFiles/CMakeTmp'
/usr/bin/make -f CMakeFiles/cmTC_199cf.dir/build.make CMakeFiles/cmTC_199cf.dir/build
make[4]: Entering directory '/home/anthonyd973/Git/aws-sdk-cpp/build/.deps/build/src/AwsCCommon-build/CMakeFiles/CMakeTmp'
Building C object CMakeFiles/cmTC_199cf.dir/CheckIncludeFile.c.o
/usr/bin/cc    -o CMakeFiles/cmTC_199cf.dir/CheckIncludeFile.c.o   -c /home/anthonyd973/Git/aws-sdk-cpp/build/.deps/build/src/AwsCCommon-build/CMakeFiles/CMakeTmp/CheckIncludeFile.c
Linking C executable cmTC_199cf
/usr/bin/cmake -E cmake_link_script CMakeFiles/cmTC_199cf.dir/link.txt --verbose=1
/usr/bin/cc      -rdynamic CMakeFiles/cmTC_199cf.dir/CheckIncludeFile.c.o  -o cmTC_199cf 
make[4]: Leaving directory '/home/anthonyd973/Git/aws-sdk-cpp/build/.deps/build/src/AwsCCommon-build/CMakeFiles/CMakeTmp'
make[3]: Leaving directory '/home/anthonyd973/Git/aws-sdk-cpp/build/.deps/build/src/AwsCCommon-build/CMakeFiles/CMakeTmp'


Performing C SOURCE FILE Test HAVE_SYSCONF succeeded with the following output:
Change Dir: /home/anthonyd973/Git/aws-sdk-cpp/build/.deps/build/src/AwsCCommon-build/CMakeFiles/CMakeTmp

Run Build Command:"/usr/bin/make" "cmTC_ec36a/fast"
make[3]: Entering directory '/home/anthonyd973/Git/aws-sdk-cpp/build/.deps/build/src/AwsCCommon-build/CMakeFiles/CMakeTmp'
/usr/bin/make -f CMakeFiles/cmTC_ec36a.dir/build.make CMakeFiles/cmTC_ec36a.dir/build
make[4]: Entering directory '/home/anthonyd973/Git/aws-sdk-cpp/build/.deps/build/src/AwsCCommon-build/CMakeFiles/CMakeTmp'
Building C object CMakeFiles/cmTC_ec36a.dir/src.c.o
/usr/bin/cc   -DHAVE_SYSCONF   -o CMakeFiles/cmTC_ec36a.dir/src.c.o   -c /home/anthonyd973/Git/aws-sdk-cpp/build/.deps/build/src/AwsCCommon-build/CMakeFiles/CMakeTmp/src.c
Linking C executable cmTC_ec36a
/usr/bin/cmake -E cmake_link_script CMakeFiles/cmTC_ec36a.dir/link.txt --verbose=1
/usr/bin/cc  -DHAVE_SYSCONF    -rdynamic CMakeFiles/cmTC_ec36a.dir/src.c.o  -o cmTC_ec36a 
make[4]: Leaving directory '/home/anthonyd973/Git/aws-sdk-cpp/build/.deps/build/src/AwsCCommon-build/CMakeFiles/CMakeTmp'
make[3]: Leaving directory '/home/anthonyd973/Git/aws-sdk-cpp/build/.deps/build/src/AwsCCommon-build/CMakeFiles/CMakeTmp'

Source file was:

    #include <unistd.h>
    int main() {
      sysconf(_SC_NPROCESSORS_ONLN);
    }
