Performing C SOURCE FILE Test HAVE_MAY_I_USE failed with the following output:
Change Dir: /home/anthonyd973/Git/aws-sdk-cpp/build/.deps/build/src/AwsCCommon-build/CMakeFiles/CMakeTmp

Run Build Command:"/usr/bin/make" "cmTC_8ba28/fast"
make[3]: Entering directory '/home/anthonyd973/Git/aws-sdk-cpp/build/.deps/build/src/AwsCCommon-build/CMakeFiles/CMakeTmp'
/usr/bin/make -f CMakeFiles/cmTC_8ba28.dir/build.make CMakeFiles/cmTC_8ba28.dir/build
make[4]: Entering directory '/home/anthonyd973/Git/aws-sdk-cpp/build/.deps/build/src/AwsCCommon-build/CMakeFiles/CMakeTmp'
Building C object CMakeFiles/cmTC_8ba28.dir/src.c.o
/usr/bin/cc   -DHAVE_MAY_I_USE  -mavx -mavx2   -o CMakeFiles/cmTC_8ba28.dir/src.c.o   -c /home/anthonyd973/Git/aws-sdk-cpp/build/.deps/build/src/AwsCCommon-build/CMakeFiles/CMakeTmp/src.c
/home/anthonyd973/Git/aws-sdk-cpp/build/.deps/build/src/AwsCCommon-build/CMakeFiles/CMakeTmp/src.c: In function ‘main’:
/home/anthonyd973/Git/aws-sdk-cpp/build/.deps/build/src/AwsCCommon-build/CMakeFiles/CMakeTmp/src.c:5:12: warning: implicit declaration of function ‘_may_i_use_cpu_feature’ [-Wimplicit-function-declaration]
     return _may_i_use_cpu_feature(_FEATURE_AVX2 | _FEATURE_SSE4_1);
            ^~~~~~~~~~~~~~~~~~~~~~
/home/anthonyd973/Git/aws-sdk-cpp/build/.deps/build/src/AwsCCommon-build/CMakeFiles/CMakeTmp/src.c:5:35: error: ‘_FEATURE_AVX2’ undeclared (first use in this function); did you mean ‘_FEATURES_H’?
     return _may_i_use_cpu_feature(_FEATURE_AVX2 | _FEATURE_SSE4_1);
                                   ^~~~~~~~~~~~~
                                   _FEATURES_H
/home/anthonyd973/Git/aws-sdk-cpp/build/.deps/build/src/AwsCCommon-build/CMakeFiles/CMakeTmp/src.c:5:35: note: each undeclared identifier is reported only once for each function it appears in
/home/anthonyd973/Git/aws-sdk-cpp/build/.deps/build/src/AwsCCommon-build/CMakeFiles/CMakeTmp/src.c:5:51: error: ‘_FEATURE_SSE4_1’ undeclared (first use in this function); did you mean ‘_FEATURES_H’?
     return _may_i_use_cpu_feature(_FEATURE_AVX2 | _FEATURE_SSE4_1);
                                                   ^~~~~~~~~~~~~~~
                                                   _FEATURES_H
CMakeFiles/cmTC_8ba28.dir/build.make:65: recipe for target 'CMakeFiles/cmTC_8ba28.dir/src.c.o' failed
make[4]: *** [CMakeFiles/cmTC_8ba28.dir/src.c.o] Error 1
make[4]: Leaving directory '/home/anthonyd973/Git/aws-sdk-cpp/build/.deps/build/src/AwsCCommon-build/CMakeFiles/CMakeTmp'
Makefile:126: recipe for target 'cmTC_8ba28/fast' failed
make[3]: *** [cmTC_8ba28/fast] Error 2
make[3]: Leaving directory '/home/anthonyd973/Git/aws-sdk-cpp/build/.deps/build/src/AwsCCommon-build/CMakeFiles/CMakeTmp'

Source file was:

#include <immintrin.h>

int main() {
    return _may_i_use_cpu_feature(_FEATURE_AVX2 | _FEATURE_SSE4_1);
}

Performing C SOURCE FILE Test HAVE_MSVC_CPUIDEX failed with the following output:
Change Dir: /home/anthonyd973/Git/aws-sdk-cpp/build/.deps/build/src/AwsCCommon-build/CMakeFiles/CMakeTmp

Run Build Command:"/usr/bin/make" "cmTC_14d0c/fast"
make[3]: Entering directory '/home/anthonyd973/Git/aws-sdk-cpp/build/.deps/build/src/AwsCCommon-build/CMakeFiles/CMakeTmp'
/usr/bin/make -f CMakeFiles/cmTC_14d0c.dir/build.make CMakeFiles/cmTC_14d0c.dir/build
make[4]: Entering directory '/home/anthonyd973/Git/aws-sdk-cpp/build/.deps/build/src/AwsCCommon-build/CMakeFiles/CMakeTmp'
Building C object CMakeFiles/cmTC_14d0c.dir/src.c.o
/usr/bin/cc   -DHAVE_MSVC_CPUIDEX  -mavx -mavx2   -o CMakeFiles/cmTC_14d0c.dir/src.c.o   -c /home/anthonyd973/Git/aws-sdk-cpp/build/.deps/build/src/AwsCCommon-build/CMakeFiles/CMakeTmp/src.c
/home/anthonyd973/Git/aws-sdk-cpp/build/.deps/build/src/AwsCCommon-build/CMakeFiles/CMakeTmp/src.c:2:10: fatal error: intrin.h: No such file or directory
 #include <intrin.h>
          ^~~~~~~~~~
compilation terminated.
CMakeFiles/cmTC_14d0c.dir/build.make:65: recipe for target 'CMakeFiles/cmTC_14d0c.dir/src.c.o' failed
make[4]: *** [CMakeFiles/cmTC_14d0c.dir/src.c.o] Error 1
make[4]: Leaving directory '/home/anthonyd973/Git/aws-sdk-cpp/build/.deps/build/src/AwsCCommon-build/CMakeFiles/CMakeTmp'
Makefile:126: recipe for target 'cmTC_14d0c/fast' failed
make[3]: *** [cmTC_14d0c/fast] Error 2
make[3]: Leaving directory '/home/anthonyd973/Git/aws-sdk-cpp/build/.deps/build/src/AwsCCommon-build/CMakeFiles/CMakeTmp'

Source file was:

#include <intrin.h>

int main() {
    int cpuInfo[4] = {0};
    int function_id = 1;
    int subfunction_id = 1;
    __cpuidex(cpuInfo, function_id, subfunction_id);
    return 0;
}
Performing C SOURCE FILE Test HAS_WGNU failed with the following output:
Change Dir: /home/anthonyd973/Git/aws-sdk-cpp/build/.deps/build/src/AwsCCommon-build/CMakeFiles/CMakeTmp

Run Build Command:"/usr/bin/make" "cmTC_510e0/fast"
make[3]: Entering directory '/home/anthonyd973/Git/aws-sdk-cpp/build/.deps/build/src/AwsCCommon-build/CMakeFiles/CMakeTmp'
/usr/bin/make -f CMakeFiles/cmTC_510e0.dir/build.make CMakeFiles/cmTC_510e0.dir/build
make[4]: Entering directory '/home/anthonyd973/Git/aws-sdk-cpp/build/.deps/build/src/AwsCCommon-build/CMakeFiles/CMakeTmp'
Building C object CMakeFiles/cmTC_510e0.dir/src.c.o
/usr/bin/cc   -DHAS_WGNU   -Wgnu -o CMakeFiles/cmTC_510e0.dir/src.c.o   -c /home/anthonyd973/Git/aws-sdk-cpp/build/.deps/build/src/AwsCCommon-build/CMakeFiles/CMakeTmp/src.c
cc: error: unrecognized command line option '-Wgnu'
CMakeFiles/cmTC_510e0.dir/build.make:65: recipe for target 'CMakeFiles/cmTC_510e0.dir/src.c.o' failed
make[4]: *** [CMakeFiles/cmTC_510e0.dir/src.c.o] Error 1
make[4]: Leaving directory '/home/anthonyd973/Git/aws-sdk-cpp/build/.deps/build/src/AwsCCommon-build/CMakeFiles/CMakeTmp'
Makefile:126: recipe for target 'cmTC_510e0/fast' failed
make[3]: *** [cmTC_510e0/fast] Error 2
make[3]: Leaving directory '/home/anthonyd973/Git/aws-sdk-cpp/build/.deps/build/src/AwsCCommon-build/CMakeFiles/CMakeTmp'

Source file was:
int main(void) { return 0; }
